<?xml version="1.0" encoding="UTF-8"?>
<testsuite xmlns:xsi="http://www.w3.org/2001/XMLSchema-instance" xsi:noNamespaceSchemaLocation="https://maven.apache.org/surefire/maven-surefire-plugin/xsd/surefire-test-report-3.0.xsd" version="3.0" name="pl.pwr.gogame.model.GameEngineTest" time="0.18" tests="11" errors="0" skipped="0" failures="0">
  <properties>
[...]
</properties>
  <testcase name="testShouldPreventKo" classname="pl.pwr.gogame.model.GameEngineTest" time="0.076"/>
  <testcase name="testShouldPreventGroupSuicideMove" classname="pl.pwr.gogame.model.GameEngineTest" time="0.013">
    <system-out><![CDATA[     0  1  2  3  4  5  6  7  8
 0   .  W  .  .  .  .  .  .  .
 1   W  B  W  .  .  .  .  .  .
 2   W  .  W  .  .  .  .  .  .
 3   .  W  .  .  .  .  .  .  .
 4   .  .  .  .  .  .  .  .  .
 5   .  .  .  .  .  .  .  .  .
 6   .  .  .  .  .  .  .  .  .
 7   .  .  .  .  .  .  .  .  .
 8   .  .  .  .  .  .  .  .  .

]]></system-out>
  </testcase>
  <testcase name="testShouldCalculateScoresCorrectlyOn9x9Board" classname="pl.pwr.gogame.model.GameEngineTest" time="0.009">
    <system-out><![CDATA[--- Plansza 9x9 do liczenia punktów ---
     0  1  2  3  4  5  6  7  8
 0   .  .  B  .  .  .  .  .  .
 1   .  .  B  .  .  .  .  .  .
 2   B  B  B  .  .  .  .  .  .
 3   .  .  .  .  .  .  .  .  .
 4   .  .  .  .  .  .  .  .  .
 5   .  .  .  .  .  .  .  .  .
 6   .  .  .  .  .  .  .  .  .
 7   .  .  .  .  .  .  .  .  W
 8   .  .  .  .  .  .  .  W  .

]]></system-out>
  </testcase>
  <testcase name="testShouldCaptureFourStoneGroup" classname="pl.pwr.gogame.model.GameEngineTest" time="0.004"/>
  <testcase name="testShouldResign" classname="pl.pwr.gogame.model.GameEngineTest" time="0.004"/>
  <testcase name="testShouldCaptureGroupAgainstWall" classname="pl.pwr.gogame.model.GameEngineTest" time="0.005"/>
  <testcase name="testShouldAllowSuicideMoveBecauseItCaptures" classname="pl.pwr.gogame.model.GameEngineTest" time="0.003"/>
  <testcase name="testShouldFindSingleEmptyRegion" classname="pl.pwr.gogame.model.GameEngineTest" time="0.004"/>
  <testcase name="testShouldCaptureStoneBySurroundingItInASquare" classname="pl.pwr.gogame.model.GameEngineTest" time="0.003"/>
  <testcase name="testShouldFindEnclosedEmptyRegion" classname="pl.pwr.gogame.model.GameEngineTest" time="0.002"/>
  <testcase name="testShouldDetectSeparateEmptyRegions" classname="pl.pwr.gogame.model.GameEngineTest" time="0.003"/>
</testsuite>